app/build/intermediates/manifest_merge_blame_file/debug/manifest-merger-blame-debug-report.txt
1<?xml version="1.0" encoding="utf-8"?>
2<manifest xmlns:android="http://schemas.android.com/apk/res/android"
3    package="uz.gita.courses_app_"
4    android:versionCode="1"
5    android:versionName="1.0" >
6
7    <uses-sdk
8        android:minSdkVersion="24"
8-->src\main\AndroidManifest.xml
9        android:targetSdkVersion="33" />
9-->src\main\AndroidManifest.xml
10
11    <uses-permission android:name="android.permission.INTERNET" />
11-->[com.google.firebase:firebase-auth:22.0.0] AndroidManifest.xml:25:5-67
11-->[com.google.firebase:firebase-auth:22.0.0] AndroidManifest.xml:25:22-64
12    <uses-permission android:name="android.permission.ACCESS_NETWORK_STATE" />
12-->[com.google.firebase:firebase-auth:22.0.0] AndroidManifest.xml:26:5-79
12-->[com.google.firebase:firebase-auth:22.0.0] AndroidManifest.xml:26:22-76
13
14    <permission
14-->[androidx.core:core:1.10.1] AndroidManifest.xml:22:5-24:47
15        android:name="uz.gita.courses_app_.DYNAMIC_RECEIVER_NOT_EXPORTED_PERMISSION"
15-->[androidx.core:core:1.10.1] AndroidManifest.xml:23:9-81
16        android:protectionLevel="signature" />
16-->[androidx.core:core:1.10.1] AndroidManifest.xml:24:9-44
17
18    <uses-permission android:name="uz.gita.courses_app_.DYNAMIC_RECEIVER_NOT_EXPORTED_PERMISSION" />
18-->[androidx.core:core:1.10.1] AndroidManifest.xml:26:5-97
18-->[androidx.core:core:1.10.1] AndroidManifest.xml:26:22-94
19
20    <application
20-->src\main\AndroidManifest.xml:5:5-27:19
21        android:name="uz.gita.starterprojectmvi.app.App"
21-->src\main\AndroidManifest.xml:6:9-32
22        android:allowBackup="true"
22-->src\main\AndroidManifest.xml:7:9-35
23        android:appComponentFactory="androidx.core.app.CoreComponentFactory"
23-->[androidx.core:core:1.10.1] AndroidManifest.xml:28:18-86
24        android:dataExtractionRules="@xml/data_extraction_rules"
24-->src\main\AndroidManifest.xml:8:9-65
25        android:debuggable="true"
26        android:extractNativeLibs="false"
27        android:fullBackupContent="@xml/backup_rules"
27-->src\main\AndroidManifest.xml:9:9-54
28        android:icon="@mipmap/ic_launcher"
28-->src\main\AndroidManifest.xml:10:9-43
29        android:label="@string/app_name"
29-->src\main\AndroidManifest.xml:11:9-41
30        android:roundIcon="@mipmap/ic_launcher_round"
30-->src\main\AndroidManifest.xml:12:9-54
31        android:supportsRtl="true"
31-->src\main\AndroidManifest.xml:13:9-35
32        android:theme="@style/Theme.StarterProjectMVI" >
32-->src\main\AndroidManifest.xml:14:9-55
33        <activity
33-->src\main\AndroidManifest.xml:16:9-26:20
34            android:name="uz.gita.starterprojectmvi.MainActivity"
34-->src\main\AndroidManifest.xml:17:13-41
35            android:exported="true"
35-->src\main\AndroidManifest.xml:18:13-36
36            android:label="@string/app_name"
36-->src\main\AndroidManifest.xml:19:13-45
37            android:theme="@style/Theme.StarterProjectMVI" >
37-->src\main\AndroidManifest.xml:20:13-59
38            <intent-filter>
38-->src\main\AndroidManifest.xml:21:13-25:29
39                <action android:name="android.intent.action.MAIN" />
39-->src\main\AndroidManifest.xml:22:17-69
39-->src\main\AndroidManifest.xml:22:25-66
40
41                <category android:name="android.intent.category.LAUNCHER" />
41-->src\main\AndroidManifest.xml:24:17-77
41-->src\main\AndroidManifest.xml:24:27-74
42            </intent-filter>
43        </activity>
44        <activity
44-->[com.karumi:dexter:6.2.3] AndroidManifest.xml:27:9-29:72
45            android:name="com.karumi.dexter.DexterActivity"
45-->[com.karumi:dexter:6.2.3] AndroidManifest.xml:28:13-60
46            android:theme="@style/Dexter.Internal.Theme.Transparent" />
46-->[com.karumi:dexter:6.2.3] AndroidManifest.xml:29:13-69
47
48        <service
48-->[com.google.firebase:firebase-auth-ktx:22.0.0] AndroidManifest.xml:8:9-14:19
49            android:name="com.google.firebase.components.ComponentDiscoveryService"
49-->[com.google.firebase:firebase-auth-ktx:22.0.0] AndroidManifest.xml:9:13-84
50            android:directBootAware="true"
50-->[com.google.firebase:firebase-common:20.3.2] AndroidManifest.xml:34:13-43
51            android:exported="false" >
51-->[com.google.firebase:firebase-auth-ktx:22.0.0] AndroidManifest.xml:10:13-37
52            <meta-data
52-->[com.google.firebase:firebase-auth-ktx:22.0.0] AndroidManifest.xml:11:13-13:85
53                android:name="com.google.firebase.components:com.google.firebase.auth.ktx.FirebaseAuthKtxRegistrar"
53-->[com.google.firebase:firebase-auth-ktx:22.0.0] AndroidManifest.xml:12:17-116
54                android:value="com.google.firebase.components.ComponentRegistrar" />
54-->[com.google.firebase:firebase-auth-ktx:22.0.0] AndroidManifest.xml:13:17-82
55            <meta-data
55-->[com.google.firebase:firebase-auth:22.0.0] AndroidManifest.xml:69:13-71:85
56                android:name="com.google.firebase.components:com.google.firebase.auth.FirebaseAuthRegistrar"
56-->[com.google.firebase:firebase-auth:22.0.0] AndroidManifest.xml:70:17-109
57                android:value="com.google.firebase.components.ComponentRegistrar" />
57-->[com.google.firebase:firebase-auth:22.0.0] AndroidManifest.xml:71:17-82
58            <meta-data
58-->[com.google.firebase:firebase-firestore-ktx:24.6.1] AndroidManifest.xml:14:13-16:85
59                android:name="com.google.firebase.components:com.google.firebase.firestore.ktx.FirebaseFirestoreKtxRegistrar"
59-->[com.google.firebase:firebase-firestore-ktx:24.6.1] AndroidManifest.xml:15:17-126
60                android:value="com.google.firebase.components.ComponentRegistrar" />
60-->[com.google.firebase:firebase-firestore-ktx:24.6.1] AndroidManifest.xml:16:17-82
61            <meta-data
61-->[com.google.firebase:firebase-common-ktx:20.3.2] AndroidManifest.xml:14:13-16:85
62                android:name="com.google.firebase.components:com.google.firebase.ktx.FirebaseCommonKtxRegistrar"
62-->[com.google.firebase:firebase-common-ktx:20.3.2] AndroidManifest.xml:15:17-113
63                android:value="com.google.firebase.components.ComponentRegistrar" />
63-->[com.google.firebase:firebase-common-ktx:20.3.2] AndroidManifest.xml:16:17-82
64            <meta-data
64-->[com.google.firebase:firebase-firestore:24.6.1] AndroidManifest.xml:19:13-21:85
65                android:name="com.google.firebase.components:com.google.firebase.firestore.FirestoreRegistrar"
65-->[com.google.firebase:firebase-firestore:24.6.1] AndroidManifest.xml:20:17-111
66                android:value="com.google.firebase.components.ComponentRegistrar" />
66-->[com.google.firebase:firebase-firestore:24.6.1] AndroidManifest.xml:21:17-82
67        </service>
68
69        <activity
69-->[com.google.firebase:firebase-auth:22.0.0] AndroidManifest.xml:29:9-46:20
70            android:name="com.google.firebase.auth.internal.GenericIdpActivity"
70-->[com.google.firebase:firebase-auth:22.0.0] AndroidManifest.xml:30:13-80
71            android:excludeFromRecents="true"
71-->[com.google.firebase:firebase-auth:22.0.0] AndroidManifest.xml:31:13-46
72            android:exported="true"
72-->[com.google.firebase:firebase-auth:22.0.0] AndroidManifest.xml:32:13-36
73            android:launchMode="singleTask"
73-->[com.google.firebase:firebase-auth:22.0.0] AndroidManifest.xml:33:13-44
74            android:theme="@android:style/Theme.Translucent.NoTitleBar" >
74-->[com.google.firebase:firebase-auth:22.0.0] AndroidManifest.xml:34:13-72
75            <intent-filter>
75-->[com.google.firebase:firebase-auth:22.0.0] AndroidManifest.xml:35:13-45:29
76                <action android:name="android.intent.action.VIEW" />
76-->[com.google.firebase:firebase-auth:22.0.0] AndroidManifest.xml:36:17-69
76-->[com.google.firebase:firebase-auth:22.0.0] AndroidManifest.xml:36:25-66
77
78                <category android:name="android.intent.category.DEFAULT" />
78-->[com.google.firebase:firebase-auth:22.0.0] AndroidManifest.xml:38:17-76
78-->[com.google.firebase:firebase-auth:22.0.0] AndroidManifest.xml:38:27-73
79                <category android:name="android.intent.category.BROWSABLE" />
79-->[com.google.firebase:firebase-auth:22.0.0] AndroidManifest.xml:39:17-78
79-->[com.google.firebase:firebase-auth:22.0.0] AndroidManifest.xml:39:27-75
80
81                <data
81-->[com.google.firebase:firebase-auth:22.0.0] AndroidManifest.xml:41:17-44:51
82                    android:host="firebase.auth"
82-->[com.google.firebase:firebase-auth:22.0.0] AndroidManifest.xml:42:21-49
83                    android:path="/"
83-->[com.google.firebase:firebase-auth:22.0.0] AndroidManifest.xml:43:21-37
84                    android:scheme="genericidp" />
84-->[com.google.firebase:firebase-auth:22.0.0] AndroidManifest.xml:44:21-48
85            </intent-filter>
86        </activity>
87        <activity
87-->[com.google.firebase:firebase-auth:22.0.0] AndroidManifest.xml:47:9-64:20
88            android:name="com.google.firebase.auth.internal.RecaptchaActivity"
88-->[com.google.firebase:firebase-auth:22.0.0] AndroidManifest.xml:48:13-79
89            android:excludeFromRecents="true"
89-->[com.google.firebase:firebase-auth:22.0.0] AndroidManifest.xml:49:13-46
90            android:exported="true"
90-->[com.google.firebase:firebase-auth:22.0.0] AndroidManifest.xml:50:13-36
91            android:launchMode="singleTask"
91-->[com.google.firebase:firebase-auth:22.0.0] AndroidManifest.xml:51:13-44
92            android:theme="@android:style/Theme.Translucent.NoTitleBar" >
92-->[com.google.firebase:firebase-auth:22.0.0] AndroidManifest.xml:52:13-72
93            <intent-filter>
93-->[com.google.firebase:firebase-auth:22.0.0] AndroidManifest.xml:53:13-63:29
94                <action android:name="android.intent.action.VIEW" />
94-->[com.google.firebase:firebase-auth:22.0.0] AndroidManifest.xml:36:17-69
94-->[com.google.firebase:firebase-auth:22.0.0] AndroidManifest.xml:36:25-66
95
96                <category android:name="android.intent.category.DEFAULT" />
96-->[com.google.firebase:firebase-auth:22.0.0] AndroidManifest.xml:38:17-76
96-->[com.google.firebase:firebase-auth:22.0.0] AndroidManifest.xml:38:27-73
97                <category android:name="android.intent.category.BROWSABLE" />
97-->[com.google.firebase:firebase-auth:22.0.0] AndroidManifest.xml:39:17-78
97-->[com.google.firebase:firebase-auth:22.0.0] AndroidManifest.xml:39:27-75
98
99                <data
99-->[com.google.firebase:firebase-auth:22.0.0] AndroidManifest.xml:41:17-44:51
100                    android:host="firebase.auth"
100-->[com.google.firebase:firebase-auth:22.0.0] AndroidManifest.xml:42:21-49
101                    android:path="/"
101-->[com.google.firebase:firebase-auth:22.0.0] AndroidManifest.xml:43:21-37
102                    android:scheme="recaptcha" />
102-->[com.google.firebase:firebase-auth:22.0.0] AndroidManifest.xml:44:21-48
103            </intent-filter>
104        </activity>
105
106        <provider
106-->[com.google.firebase:firebase-common:20.3.2] AndroidManifest.xml:25:9-30:39
107            android:name="com.google.firebase.provider.FirebaseInitProvider"
107-->[com.google.firebase:firebase-common:20.3.2] AndroidManifest.xml:26:13-77
108            android:authorities="uz.gita.courses_app_.firebaseinitprovider"
108-->[com.google.firebase:firebase-common:20.3.2] AndroidManifest.xml:27:13-72
109            android:directBootAware="true"
109-->[com.google.firebase:firebase-common:20.3.2] AndroidManifest.xml:28:13-43
110            android:exported="false"
110-->[com.google.firebase:firebase-common:20.3.2] AndroidManifest.xml:29:13-37
111            android:initOrder="100" />
111-->[com.google.firebase:firebase-common:20.3.2] AndroidManifest.xml:30:13-36
112
113        <activity
113-->[androidx.compose.ui:ui-test-manifest:1.4.3] AndroidManifest.xml:23:9-25:39
114            android:name="androidx.activity.ComponentActivity"
114-->[androidx.compose.ui:ui-test-manifest:1.4.3] AndroidManifest.xml:24:13-63
115            android:exported="true" />
115-->[androidx.compose.ui:ui-test-manifest:1.4.3] AndroidManifest.xml:25:13-36
116        <activity
116-->[androidx.compose.ui:ui-tooling:1.4.3] AndroidManifest.xml:23:9-25:39
117            android:name="androidx.compose.ui.tooling.PreviewActivity"
117-->[androidx.compose.ui:ui-tooling:1.4.3] AndroidManifest.xml:24:13-71
118            android:exported="true" />
118-->[androidx.compose.ui:ui-tooling:1.4.3] AndroidManifest.xml:25:13-36
119
120        <provider
120-->[androidx.emoji2:emoji2:1.3.0] AndroidManifest.xml:24:9-32:20
121            android:name="androidx.startup.InitializationProvider"
121-->[androidx.emoji2:emoji2:1.3.0] AndroidManifest.xml:25:13-67
122            android:authorities="uz.gita.courses_app_.androidx-startup"
122-->[androidx.emoji2:emoji2:1.3.0] AndroidManifest.xml:26:13-68
123            android:exported="false" >
123-->[androidx.emoji2:emoji2:1.3.0] AndroidManifest.xml:27:13-37
124            <meta-data
124-->[androidx.emoji2:emoji2:1.3.0] AndroidManifest.xml:29:13-31:52
125                android:name="androidx.emoji2.text.EmojiCompatInitializer"
125-->[androidx.emoji2:emoji2:1.3.0] AndroidManifest.xml:30:17-75
126                android:value="androidx.startup" />
126-->[androidx.emoji2:emoji2:1.3.0] AndroidManifest.xml:31:17-49
127            <meta-data
127-->[androidx.lifecycle:lifecycle-process:2.6.1] AndroidManifest.xml:29:13-31:52
128                android:name="androidx.lifecycle.ProcessLifecycleInitializer"
128-->[androidx.lifecycle:lifecycle-process:2.6.1] AndroidManifest.xml:30:17-78
129                android:value="androidx.startup" />
129-->[androidx.lifecycle:lifecycle-process:2.6.1] AndroidManifest.xml:31:17-49
130            <meta-data
130-->[androidx.profileinstaller:profileinstaller:1.3.1] AndroidManifest.xml:29:13-31:52
131                android:name="androidx.profileinstaller.ProfileInstallerInitializer"
131-->[androidx.profileinstaller:profileinstaller:1.3.1] AndroidManifest.xml:30:17-85
132                android:value="androidx.startup" />
132-->[androidx.profileinstaller:profileinstaller:1.3.1] AndroidManifest.xml:31:17-49
133        </provider>
134
135        <activity
135-->[com.google.android.gms:play-services-base:18.0.1] AndroidManifest.xml:20:9-22:45
136            android:name="com.google.android.gms.common.api.GoogleApiActivity"
136-->[com.google.android.gms:play-services-base:18.0.1] AndroidManifest.xml:20:19-85
137            android:exported="false"
137-->[com.google.android.gms:play-services-base:18.0.1] AndroidManifest.xml:22:19-43
138            android:theme="@android:style/Theme.Translucent.NoTitleBar" />
138-->[com.google.android.gms:play-services-base:18.0.1] AndroidManifest.xml:21:19-78
139
140        <meta-data
140-->[com.google.android.gms:play-services-basement:18.1.0] AndroidManifest.xml:21:9-23:69
141            android:name="com.google.android.gms.version"
141-->[com.google.android.gms:play-services-basement:18.1.0] AndroidManifest.xml:22:13-58
142            android:value="@integer/google_play_services_version" />
142-->[com.google.android.gms:play-services-basement:18.1.0] AndroidManifest.xml:23:13-66
143
144        <service
144-->[androidx.room:room-runtime:2.5.2] AndroidManifest.xml:24:9-28:63
145            android:name="androidx.room.MultiInstanceInvalidationService"
145-->[androidx.room:room-runtime:2.5.2] AndroidManifest.xml:25:13-74
146            android:directBootAware="true"
146-->[androidx.room:room-runtime:2.5.2] AndroidManifest.xml:26:13-43
147            android:exported="false" />
147-->[androidx.room:room-runtime:2.5.2] AndroidManifest.xml:27:13-37
148
149        <receiver
149-->[androidx.profileinstaller:profileinstaller:1.3.1] AndroidManifest.xml:34:9-52:20
150            android:name="androidx.profileinstaller.ProfileInstallReceiver"
150-->[androidx.profileinstaller:profileinstaller:1.3.1] AndroidManifest.xml:35:13-76
151            android:directBootAware="false"
151-->[androidx.profileinstaller:profileinstaller:1.3.1] AndroidManifest.xml:36:13-44
152            android:enabled="true"
152-->[androidx.profileinstaller:profileinstaller:1.3.1] AndroidManifest.xml:37:13-35
153            android:exported="true"
153-->[androidx.profileinstaller:profileinstaller:1.3.1] AndroidManifest.xml:38:13-36
154            android:permission="android.permission.DUMP" >
154-->[androidx.profileinstaller:profileinstaller:1.3.1] AndroidManifest.xml:39:13-57
155            <intent-filter>
155-->[androidx.profileinstaller:profileinstaller:1.3.1] AndroidManifest.xml:40:13-42:29
156                <action android:name="androidx.profileinstaller.action.INSTALL_PROFILE" />
156-->[androidx.profileinstaller:profileinstaller:1.3.1] AndroidManifest.xml:41:17-91
156-->[androidx.profileinstaller:profileinstaller:1.3.1] AndroidManifest.xml:41:25-88
157            </intent-filter>
158            <intent-filter>
158-->[androidx.profileinstaller:profileinstaller:1.3.1] AndroidManifest.xml:43:13-45:29
159                <action android:name="androidx.profileinstaller.action.SKIP_FILE" />
159-->[androidx.profileinstaller:profileinstaller:1.3.1] AndroidManifest.xml:44:17-85
159-->[androidx.profileinstaller:profileinstaller:1.3.1] AndroidManifest.xml:44:25-82
160            </intent-filter>
161            <intent-filter>
161-->[androidx.profileinstaller:profileinstaller:1.3.1] AndroidManifest.xml:46:13-48:29
162                <action android:name="androidx.profileinstaller.action.SAVE_PROFILE" />
162-->[androidx.profileinstaller:profileinstaller:1.3.1] AndroidManifest.xml:47:17-88
162-->[androidx.profileinstaller:profileinstaller:1.3.1] AndroidManifest.xml:47:25-85
163            </intent-filter>
164            <intent-filter>
164-->[androidx.profileinstaller:profileinstaller:1.3.1] AndroidManifest.xml:49:13-51:29
165                <action android:name="androidx.profileinstaller.action.BENCHMARK_OPERATION" />
165-->[androidx.profileinstaller:profileinstaller:1.3.1] AndroidManifest.xml:50:17-95
165-->[androidx.profileinstaller:profileinstaller:1.3.1] AndroidManifest.xml:50:25-92
166            </intent-filter>
167        </receiver>
168    </application>
169
170</manifest>